<?xml version="1.0" encoding="UTF-8"?>
<!-- Generated by org.testng.reporters.JUnitReportReporter -->
<testsuite hostname="DESKTOP-C2I0Q31" failures="0" tests="6" name="com.qa.restassured.test.Tc004_RestAssured_DELETE_Test" time="0.034" errors="0" timestamp="31 Dec 2019 17:13:45 GMT" skipped="0">
  <testcase classname="com.qa.restassured.test.Tc004_RestAssured_DELETE_Test" name="checkResposeBody" time="0.019"/>
  <testcase classname="com.qa.restassured.test.Tc004_RestAssured_DELETE_Test" name="checkStatusCode" time="0.000"/>
  <testcase classname="com.qa.restassured.test.Tc004_RestAssured_DELETE_Test" name="checkstatusLine" time="0.000"/>
  <testcase classname="com.qa.restassured.test.Tc004_RestAssured_DELETE_Test" name="checkContentType" time="0.015"/>
  <testcase classname="com.qa.restassured.test.Tc004_RestAssured_DELETE_Test" name="checkserverType" time="0.000"/>
  <testcase classname="com.qa.restassured.test.Tc004_RestAssured_DELETE_Test" name="checkcontentEncoding" time="0.000"/>
</testsuite> <!-- com.qa.restassured.test.Tc004_RestAssured_DELETE_Test -->
