<?xml version="1.0" encoding="UTF-8"?>
<!-- Generated by org.testng.reporters.JUnitReportReporter -->
<testsuite hostname="DESKTOP-C2I0Q31" failures="0" tests="7" name="com.qa.restassured.test.Tc002_RestAssured_POST_Test" time="0.079" errors="0" timestamp="31 Dec 2019 16:19:01 GMT" skipped="0">
  <testcase classname="com.qa.restassured.test.Tc002_RestAssured_POST_Test" name="checkResposeBody" time="0.032"/>
  <testcase classname="com.qa.restassured.test.Tc002_RestAssured_POST_Test" name="checkStatusCode" time="0.000"/>
  <testcase classname="com.qa.restassured.test.Tc002_RestAssured_POST_Test" name="checkStatusLine" time="0.016"/>
  <testcase classname="com.qa.restassured.test.Tc002_RestAssured_POST_Test" name="checkHeaders" time="0.000"/>
  <testcase classname="com.qa.restassured.test.Tc002_RestAssured_POST_Test" name="checkResponseTime" time="0.031"/>
  <testcase classname="com.qa.restassured.test.Tc002_RestAssured_POST_Test" name="checkCookies" time="0.000"/>
  <testcase classname="com.qa.restassured.test.Tc002_RestAssured_POST_Test" name="checkserverType" time="0.000"/>
</testsuite> <!-- com.qa.restassured.test.Tc002_RestAssured_POST_Test -->
